/Users/didi/Desktop/rc/Code/python_envs/python37_envs/.virtualenvs/rc_env/lib/python3.7/site-packages/lightgbm/__init__.py:48: UserWarning: Starting from version 2.2.1, the library file in distribution wheels for macOS is built by the Apple Clang (Xcode_8.3.3) compiler.
This means that in case of installing LightGBM from PyPI via the ``pip install lightgbm`` command, you don't need to install the gcc compiler anymore.
Instead of that, you need to install the OpenMP library, which is required for running LightGBM on the system with the Apple Clang compiler.
You can install the OpenMP library by the following command: ``brew install libomp``.
  "You can install the OpenMP library by the following command: ``brew install libomp``.", UserWarning)
Using TensorFlow backend.
/Users/didi/Desktop/rc/Code/python_envs/python37_envs/.virtualenvs/rc_env/lib/python3.7/site-packages/tensorflow/python/framework/dtypes.py:526: FutureWarning: Passing (type, 1) or '1type' as a synonym of type is deprecated; in a future version of numpy, it will be understood as (type, (1,)) / '(1,)type'.
  _np_qint8 = np.dtype([("qint8", np.int8, 1)])
/Users/didi/Desktop/rc/Code/python_envs/python37_envs/.virtualenvs/rc_env/lib/python3.7/site-packages/tensorflow/python/framework/dtypes.py:527: FutureWarning: Passing (type, 1) or '1type' as a synonym of type is deprecated; in a future version of numpy, it will be understood as (type, (1,)) / '(1,)type'.
  _np_quint8 = np.dtype([("quint8", np.uint8, 1)])
/Users/didi/Desktop/rc/Code/python_envs/python37_envs/.virtualenvs/rc_env/lib/python3.7/site-packages/tensorflow/python/framework/dtypes.py:528: FutureWarning: Passing (type, 1) or '1type' as a synonym of type is deprecated; in a future version of numpy, it will be understood as (type, (1,)) / '(1,)type'.
  _np_qint16 = np.dtype([("qint16", np.int16, 1)])
/Users/didi/Desktop/rc/Code/python_envs/python37_envs/.virtualenvs/rc_env/lib/python3.7/site-packages/tensorflow/python/framework/dtypes.py:529: FutureWarning: Passing (type, 1) or '1type' as a synonym of type is deprecated; in a future version of numpy, it will be understood as (type, (1,)) / '(1,)type'.
  _np_quint16 = np.dtype([("quint16", np.uint16, 1)])
/Users/didi/Desktop/rc/Code/python_envs/python37_envs/.virtualenvs/rc_env/lib/python3.7/site-packages/tensorflow/python/framework/dtypes.py:530: FutureWarning: Passing (type, 1) or '1type' as a synonym of type is deprecated; in a future version of numpy, it will be understood as (type, (1,)) / '(1,)type'.
  _np_qint32 = np.dtype([("qint32", np.int32, 1)])
/Users/didi/Desktop/rc/Code/python_envs/python37_envs/.virtualenvs/rc_env/lib/python3.7/site-packages/tensorflow/python/framework/dtypes.py:535: FutureWarning: Passing (type, 1) or '1type' as a synonym of type is deprecated; in a future version of numpy, it will be understood as (type, (1,)) / '(1,)type'.
  np_resource = np.dtype([("resource", np.ubyte, 1)])
Traceback (most recent call last):
  File "/Users/didi/Desktop/rc/Code/python/workspace/fake_news/backend/resources/predict_test.py", line 16, in <module>
    test = pd.read_csv(test_name)
  File "/Users/didi/Desktop/rc/Code/python_envs/python37_envs/.virtualenvs/rc_env/lib/python3.7/site-packages/pandas/io/parsers.py", line 702, in parser_f
    return _read(filepath_or_buffer, kwds)
  File "/Users/didi/Desktop/rc/Code/python_envs/python37_envs/.virtualenvs/rc_env/lib/python3.7/site-packages/pandas/io/parsers.py", line 429, in _read
    parser = TextFileReader(filepath_or_buffer, **kwds)
  File "/Users/didi/Desktop/rc/Code/python_envs/python37_envs/.virtualenvs/rc_env/lib/python3.7/site-packages/pandas/io/parsers.py", line 895, in __init__
    self._make_engine(self.engine)
  File "/Users/didi/Desktop/rc/Code/python_envs/python37_envs/.virtualenvs/rc_env/lib/python3.7/site-packages/pandas/io/parsers.py", line 1122, in _make_engine
    self._engine = CParserWrapper(self.f, **self.options)
  File "/Users/didi/Desktop/rc/Code/python_envs/python37_envs/.virtualenvs/rc_env/lib/python3.7/site-packages/pandas/io/parsers.py", line 1853, in __init__
    self._reader = parsers.TextReader(src, **kwds)
  File "pandas/_libs/parsers.pyx", line 387, in pandas._libs.parsers.TextReader.__cinit__
  File "pandas/_libs/parsers.pyx", line 705, in pandas._libs.parsers.TextReader._setup_parser_source
FileNotFoundError: [Errno 2] File b'data/test.csv' does not exist: b'data/test.csv'
